<?xml version="1.0" encoding="UTF-8"?>
<testsuite xmlns:xsi="http://www.w3.org/2001/XMLSchema-instance" xsi:noNamespaceSchemaLocation="https://maven.apache.org/surefire/maven-surefire-plugin/xsd/surefire-test-report-3.0.xsd" version="3.0" name="com.walmart.wishlist.WishlistApplicationTests" time="8.147" tests="1" errors="0" skipped="0" failures="0">
  <properties>
[...]
</properties>
  <testcase name="contextLoads" classname="com.walmart.wishlist.WishlistApplicationTests" time="1.558">
    <system-out><![CDATA[10:54:13.193 [main] INFO org.springframework.test.context.support.AnnotationConfigContextLoaderUtils -- Could not detect default configuration classes for test class [com.walmart.wishlist.WishlistApplicationTests]: WishlistApplicationTests does not declare any static, non-private, non-final, nested classes annotated with @Configuration.
10:54:13.381 [main] INFO org.springframework.boot.test.context.SpringBootTestContextBootstrapper -- Found @SpringBootConfiguration com.walmart.wishlist.WishlistApplication for test class com.walmart.wishlist.WishlistApplicationTests
10:54:13.708 [main] INFO org.springframework.boot.devtools.restart.RestartApplicationListener -- Restart disabled due to context in which it is running

  .   ____          _            __ _ _
 /\\ / ___'_ __ _ _(_)_ __  __ _ \ \ \ \
( ( )\___ | '_ | '_| | '_ \/ _` | \ \ \ \
 \\/  ___)| |_)| | | | | || (_| |  ) ) ) )
  '  |____| .__|_| |_|_| |_\__, | / / / /
 =========|_|==============|___/=/_/_/_/
 :: Spring Boot ::                (v3.2.0)

2023-11-30T10:54:14.149+05:30  INFO 29876 --- [           main] c.w.wishlist.WishlistApplicationTests    : Starting WishlistApplicationTests using Java 17.0.8 with PID 29876 (started by a0p09kj in C:\Users\a0p09kj\Downloads\Wishlist\wishlist)
2023-11-30T10:54:14.151+05:30  INFO 29876 --- [           main] c.w.wishlist.WishlistApplicationTests    : No active profile set, falling back to 1 default profile: "default"
2023-11-30T10:54:15.893+05:30  INFO 29876 --- [           main] .s.d.r.c.RepositoryConfigurationDelegate : Bootstrapping Spring Data MongoDB repositories in DEFAULT mode.
2023-11-30T10:54:15.985+05:30  INFO 29876 --- [           main] .s.d.r.c.RepositoryConfigurationDelegate : Finished Spring Data repository scanning in 83 ms. Found 2 MongoDB repository interfaces.
2023-11-30T10:54:17.244+05:30  INFO 29876 --- [           main] org.mongodb.driver.client                : MongoClient with metadata {"driver": {"name": "mongo-java-driver|sync|spring-boot", "version": "4.11.1"}, "os": {"type": "Windows", "name": "Windows 11", "architecture": "amd64", "version": "10.0"}, "platform": "Java/Oracle Corporation/17.0.8+9-LTS-211"} created with settings MongoClientSettings{readPreference=primary, writeConcern=WriteConcern{w=majority, wTimeout=null ms, journal=null}, retryWrites=true, retryReads=true, readConcern=ReadConcern{level=null}, credential=MongoCredential{mechanism=null, userName='arunbalaji5005', source='admin', password=<hidden>, mechanismProperties=<hidden>}, transportSettings=null, streamFactoryFactory=null, commandListeners=[io.micrometer.core.instrument.binder.mongodb.MongoMetricsCommandListener@7d30007d], codecRegistry=ProvidersCodecRegistry{codecProviders=[ValueCodecProvider{}, BsonValueCodecProvider{}, DBRefCodecProvider{}, DBObjectCodecProvider{}, DocumentCodecProvider{}, CollectionCodecProvider{}, IterableCodecProvider{}, MapCodecProvider{}, GeoJsonCodecProvider{}, GridFSFileCodecProvider{}, Jsr310CodecProvider{}, JsonObjectCodecProvider{}, BsonCodecProvider{}, EnumCodecProvider{}, com.mongodb.client.model.mql.ExpressionCodecProvider@382d71c7, com.mongodb.Jep395RecordCodecProvider@2ca54da9, com.mongodb.KotlinCodecProvider@34a20f16]}, loggerSettings=LoggerSettings{maxDocumentLength=1000}, clusterSettings={hosts=[127.0.0.1:27017], srvHost=cluster0.g4gimeb.mongodb.net, srvServiceName=mongodb, mode=MULTIPLE, requiredClusterType=REPLICA_SET, requiredReplicaSetName='atlas-wdvewl-shard-0', serverSelector='null', clusterListeners='[]', serverSelectionTimeout='30000 ms', localThreshold='15 ms'}, socketSettings=SocketSettings{connectTimeoutMS=10000, readTimeoutMS=0, receiveBufferSize=0, proxySettings=ProxySettings{host=null, port=null, username=null, password=null}}, heartbeatSocketSettings=SocketSettings{connectTimeoutMS=10000, readTimeoutMS=10000, receiveBufferSize=0, proxySettings=ProxySettings{host=null, port=null, username=null, password=null}}, connectionPoolSettings=ConnectionPoolSettings{maxSize=100, minSize=0, maxWaitTimeMS=120000, maxConnectionLifeTimeMS=0, maxConnectionIdleTimeMS=0, maintenanceInitialDelayMS=0, maintenanceFrequencyMS=60000, connectionPoolListeners=[io.micrometer.core.instrument.binder.mongodb.MongoMetricsConnectionPoolListener@496cc217], maxConnecting=2}, serverSettings=ServerSettings{heartbeatFrequencyMS=10000, minHeartbeatFrequencyMS=500, serverListeners='[]', serverMonitorListeners='[]'}, sslSettings=SslSettings{enabled=true, invalidHostNameAllowed=false, context=null}, applicationName='null', compressorList=[], uuidRepresentation=JAVA_LEGACY, serverApi=null, autoEncryptionSettings=null, dnsClient=null, inetAddressResolver=null, contextProvider=null}
2023-11-30T10:54:17.249+05:30  INFO 29876 --- [meb.mongodb.net] org.mongodb.driver.cluster               : Adding discovered server ac-kz6jkjd-shard-00-01.g4gimeb.mongodb.net:27017 to client view of cluster
2023-11-30T10:54:17.305+05:30  INFO 29876 --- [meb.mongodb.net] org.mongodb.driver.cluster               : Adding discovered server ac-kz6jkjd-shard-00-02.g4gimeb.mongodb.net:27017 to client view of cluster
2023-11-30T10:54:17.308+05:30  INFO 29876 --- [meb.mongodb.net] org.mongodb.driver.cluster               : Adding discovered server ac-kz6jkjd-shard-00-00.g4gimeb.mongodb.net:27017 to client view of cluster
2023-11-30T10:54:18.161+05:30  INFO 29876 --- [ngodb.net:27017] org.mongodb.driver.cluster               : Monitor thread successfully connected to server with description ServerDescription{address=ac-kz6jkjd-shard-00-02.g4gimeb.mongodb.net:27017, type=REPLICA_SET_SECONDARY, state=CONNECTED, ok=true, minWireVersion=0, maxWireVersion=17, maxDocumentSize=16777216, logicalSessionTimeoutMinutes=30, roundTripTimeNanos=391140899, setName='atlas-wdvewl-shard-0', canonicalAddress=ac-kz6jkjd-shard-00-02.g4gimeb.mongodb.net:27017, hosts=[ac-kz6jkjd-shard-00-00.g4gimeb.mongodb.net:27017, ac-kz6jkjd-shard-00-01.g4gimeb.mongodb.net:27017, ac-kz6jkjd-shard-00-02.g4gimeb.mongodb.net:27017], passives=[], arbiters=[], primary='ac-kz6jkjd-shard-00-01.g4gimeb.mongodb.net:27017', tagSet=TagSet{[Tag{name='availabilityZone', value='3'}, Tag{name='nodeType', value='ELECTABLE'}, Tag{name='provider', value='AZURE'}, Tag{name='region', value='INDIA_CENTRAL'}, Tag{name='workloadType', value='OPERATIONAL'}]}, electionId=null, setVersion=2, topologyVersion=TopologyVersion{processId=6566571cdf9e11314a4c6705, counter=3}, lastWriteDate=Thu Nov 30 10:54:18 IST 2023, lastUpdateTimeNanos=281210699307799}
2023-11-30T10:54:18.161+05:30  INFO 29876 --- [ngodb.net:27017] org.mongodb.driver.cluster               : Monitor thread successfully connected to server with description ServerDescription{address=ac-kz6jkjd-shard-00-00.g4gimeb.mongodb.net:27017, type=REPLICA_SET_SECONDARY, state=CONNECTED, ok=true, minWireVersion=0, maxWireVersion=17, maxDocumentSize=16777216, logicalSessionTimeoutMinutes=30, roundTripTimeNanos=396205801, setName='atlas-wdvewl-shard-0', canonicalAddress=ac-kz6jkjd-shard-00-00.g4gimeb.mongodb.net:27017, hosts=[ac-kz6jkjd-shard-00-00.g4gimeb.mongodb.net:27017, ac-kz6jkjd-shard-00-01.g4gimeb.mongodb.net:27017, ac-kz6jkjd-shard-00-02.g4gimeb.mongodb.net:27017], passives=[], arbiters=[], primary='ac-kz6jkjd-shard-00-01.g4gimeb.mongodb.net:27017', tagSet=TagSet{[Tag{name='availabilityZone', value='1'}, Tag{name='nodeType', value='ELECTABLE'}, Tag{name='provider', value='AZURE'}, Tag{name='region', value='INDIA_CENTRAL'}, Tag{name='workloadType', value='OPERATIONAL'}]}, electionId=null, setVersion=2, topologyVersion=TopologyVersion{processId=65665674213401bb574fa21c, counter=4}, lastWriteDate=Thu Nov 30 10:54:18 IST 2023, lastUpdateTimeNanos=281210699307699}
2023-11-30T10:54:18.204+05:30  INFO 29876 --- [ngodb.net:27017] org.mongodb.driver.cluster               : Monitor thread successfully connected to server with description ServerDescription{address=ac-kz6jkjd-shard-00-01.g4gimeb.mongodb.net:27017, type=REPLICA_SET_PRIMARY, state=CONNECTED, ok=true, minWireVersion=0, maxWireVersion=17, maxDocumentSize=16777216, logicalSessionTimeoutMinutes=30, roundTripTimeNanos=449048400, setName='atlas-wdvewl-shard-0', canonicalAddress=ac-kz6jkjd-shard-00-01.g4gimeb.mongodb.net:27017, hosts=[ac-kz6jkjd-shard-00-00.g4gimeb.mongodb.net:27017, ac-kz6jkjd-shard-00-01.g4gimeb.mongodb.net:27017, ac-kz6jkjd-shard-00-02.g4gimeb.mongodb.net:27017], passives=[], arbiters=[], primary='ac-kz6jkjd-shard-00-01.g4gimeb.mongodb.net:27017', tagSet=TagSet{[Tag{name='availabilityZone', value='2'}, Tag{name='nodeType', value='ELECTABLE'}, Tag{name='provider', value='AZURE'}, Tag{name='region', value='INDIA_CENTRAL'}, Tag{name='workloadType', value='OPERATIONAL'}]}, electionId=7fffffff000000000000003b, setVersion=2, topologyVersion=TopologyVersion{processId=656656c7ea1efbd532d80bac, counter=6}, lastWriteDate=Thu Nov 30 10:54:18 IST 2023, lastUpdateTimeNanos=281210757552300}
2023-11-30T10:54:18.205+05:30  INFO 29876 --- [ngodb.net:27017] org.mongodb.driver.cluster               : Discovered replica set primary ac-kz6jkjd-shard-00-01.g4gimeb.mongodb.net:27017 with max election id 7fffffff000000000000003b and max set version 2
2023-11-30T10:54:19.343+05:30  INFO 29876 --- [           main] o.s.b.a.e.web.EndpointLinksResolver      : Exposing 1 endpoint(s) beneath base path '/actuator'
2023-11-30T10:54:19.452+05:30  INFO 29876 --- [           main] c.w.wishlist.WishlistApplicationTests    : Started WishlistApplicationTests in 5.765 seconds (process running for 7.473)
]]></system-out>
  </testcase>
</testsuite>